Activating virtual environment: /gpfs/accounts/si670f25_class_root/si670f25_class/santoshd/Kaggle_2/venv
==========================================
JOB STARTUP INFORMATION
==========================================
Host:        gl1006.arc-ts.umich.edu
Date:        2025-11-19T20:24:03-05:00
SLURM_JOBID: 36380739
Working directory: /scratch/si670f25_class_root/si670f25_class/santoshd/Kaggle_2
Python:      /gpfs/accounts/si670f25_class_root/si670f25_class/santoshd/Kaggle_2/venv/bin/python
==========================================
Verifying Python environment...
‚úì Basic packages available
‚úì Python environment verified
Installing Jupyter kernel: model_xgboost-36380739...
Installed kernelspec model_xgboost-36380739 in /home/santoshd/.local/share/jupyter/kernels/model_xgboost-36380739
‚úì Kernel installed successfully
Running pre-flight validation...
‚úì Found model-ready files
‚úì Notebook found: src/notebooks/model_xgboost_all_features.ipynb
‚úÖ Pre-flight validation passed!
=== Cleaning Previous Runs ===
‚úì Cleanup completed
Running papermill -> /scratch/si670f25_class_root/si670f25_class/santoshd/Kaggle_2/runs/model_xgboost_executed_20251119-202436.ipynb
Notebook: src/notebooks/model_xgboost_all_features.ipynb
Kernel: model_xgboost-36380739
Input Notebook:  src/notebooks/model_xgboost_all_features.ipynb
Output Notebook: /scratch/si670f25_class_root/si670f25_class/santoshd/Kaggle_2/runs/model_xgboost_executed_20251119-202436.ipynb
Executing notebook with kernel: model_xgboost-36380739
Executing Cell 1---------------------------------------
Ending Cell 1------------------------------------------
Executing Cell 2---------------------------------------
Ending Cell 2------------------------------------------
Executing Cell 3---------------------------------------
Ending Cell 3------------------------------------------
Executing Cell 4---------------------------------------
Ending Cell 4------------------------------------------
Executing Cell 5---------------------------------------

================================================================================
MODEL_XGBOOST EXECUTION STARTED
Start Time: 2025-11-19 20:25:14
================================================================================


Using device: cuda

Ending Cell 5------------------------------------------
Executing Cell 6---------------------------------------
PROJECT_ROOT: /gpfs/accounts/si670f25_class_root/si670f25_class/santoshd/Kaggle_2
MODEL_READY_DIR: /gpfs/accounts/si670f25_class_root/si670f25_class/santoshd/Kaggle_2/data/model_ready

Ending Cell 6------------------------------------------
Executing Cell 7---------------------------------------
‚úÖ Using sklearn IncrementalPCA (memory-efficient)

Ending Cell 7------------------------------------------
Executing Cell 8---------------------------------------
Ending Cell 8------------------------------------------
Executing Cell 9---------------------------------------
‚úÖ Memory utilities imported from shared module
üíæ Memory: 0.62 GB (RAM) | 0.00/0.00 GB (GPU used/reserved)

Ending Cell 9------------------------------------------
Executing Cell 10--------------------------------------
‚úÖ Enhanced robustness utilities loaded
‚úÖ Training robustness wrappers loaded

Ending Cell 10-----------------------------------------
Executing Cell 11--------------------------------------
Ending Cell 11-----------------------------------------
Executing Cell 12--------------------------------------

================================================================================
PHASE 1: Data Loading
================================================================================
Loading train from /gpfs/accounts/si670f25_class_root/si670f25_class/santoshd/Kaggle_2/data/model_ready/train_model_ready.parquet

Loading val from /gpfs/accounts/si670f25_class_root/si670f25_class/santoshd/Kaggle_2/data/model_ready/val_model_ready.parquet


üìä Data Summary:
  Regular features: 54
  Embedding sent_transformer_: 384 dims
  Embedding scibert_: 768 dims
  Embedding specter2_: 768 dims
  Train samples: 960000, Positive: 65808, Negative: 894192
  Val samples: 120000, Positive: 8075, Negative: 111925

‚è±Ô∏è  Data Loading Time: 47.08 seconds (0.78 minutes)

üíæ Memory: 32.76 GB (RAM) | 0.00/0.00 GB (GPU used/reserved)

Ending Cell 12-----------------------------------------
Executing Cell 13--------------------------------------
Ending Cell 13-----------------------------------------
Executing Cell 14--------------------------------------
Ending Cell 14-----------------------------------------
Executing Cell 15--------------------------------------

================================================================================
PHASE 2: Feature Preprocessing (No PCA)
================================================================================


üìä Using all embeddings without PCA compression...
  sent_transformer_: 384 dims (no compression)
  scibert_: 768 dims (no compression)
  specter2_: 768 dims (no compression)


üìä After combining embeddings:
  Train embeddings: (960000, 1920)
  Val embeddings: (120000, 1920)

  Combined train: (960000, 1974)
  Combined val: (120000, 1974)

‚è±Ô∏è  Feature Preprocessing Time: 18.30 seconds (0.31 minutes)

üíæ Memory: 48.64 GB (RAM) | 0.00/0.00 GB (GPU used/reserved)

Ending Cell 15-----------------------------------------
Executing Cell 16--------------------------------------
Ending Cell 16-----------------------------------------
Executing Cell 17--------------------------------------

================================================================================
PHASE 3: SMOTETomek Resampling
================================================================================

üìä Checking class imbalance and applying SMOTETomek resampling...
  Before: 960000 samples, Positive: 65808, Negative: 894192
  Imbalance ratio: 13.59:1
  ‚ö†Ô∏è Large dataset detected (960,000 samples), using sampling_strategy=0.2 for memory efficiency
  Fitting SMOTETomek...

Timeout waiting for execute reply (7200s).
Ending Cell 17-----------------------------------------
Traceback (most recent call last):
  File "/gpfs/accounts/si670f25_class_root/si670f25_class/santoshd/Kaggle_2/venv/lib/python3.11/site-packages/nbclient/client.py", line 782, in _async_poll_for_reply
    msg = await ensure_async(self.kc.shell_channel.get_msg(timeout=new_timeout))
          ^^^^^^^^^^^^^^^^^^^^^^^^^^^^^^^^^^^^^^^^^^^^^^^^^^^^^^^^^^^^^^^^^^^^^^
  File "/gpfs/accounts/si670f25_class_root/si670f25_class/santoshd/Kaggle_2/venv/lib/python3.11/site-packages/jupyter_core/utils/__init__.py", line 214, in ensure_async
    result = await obj
             ^^^^^^^^^
  File "/gpfs/accounts/si670f25_class_root/si670f25_class/santoshd/Kaggle_2/venv/lib/python3.11/site-packages/jupyter_client/channels.py", line 313, in get_msg
    raise Empty
_queue.Empty

During handling of the above exception, another exception occurred:

Traceback (most recent call last):
  File "/gpfs/accounts/si670f25_class_root/si670f25_class/santoshd/Kaggle_2/venv/bin/papermill", line 7, in <module>
    sys.exit(papermill())
             ^^^^^^^^^^^
  File "/gpfs/accounts/si670f25_class_root/si670f25_class/santoshd/Kaggle_2/venv/lib/python3.11/site-packages/click/core.py", line 1485, in __call__
    return self.main(*args, **kwargs)
           ^^^^^^^^^^^^^^^^^^^^^^^^^^
  File "/gpfs/accounts/si670f25_class_root/si670f25_class/santoshd/Kaggle_2/venv/lib/python3.11/site-packages/click/core.py", line 1406, in main
    rv = self.invoke(ctx)
         ^^^^^^^^^^^^^^^^
  File "/gpfs/accounts/si670f25_class_root/si670f25_class/santoshd/Kaggle_2/venv/lib/python3.11/site-packages/click/core.py", line 1269, in invoke
    return ctx.invoke(self.callback, **ctx.params)
           ^^^^^^^^^^^^^^^^^^^^^^^^^^^^^^^^^^^^^^^
  File "/gpfs/accounts/si670f25_class_root/si670f25_class/santoshd/Kaggle_2/venv/lib/python3.11/site-packages/click/core.py", line 824, in invoke
    return callback(*args, **kwargs)
           ^^^^^^^^^^^^^^^^^^^^^^^^^
  File "/gpfs/accounts/si670f25_class_root/si670f25_class/santoshd/Kaggle_2/venv/lib/python3.11/site-packages/click/decorators.py", line 34, in new_func
    return f(get_current_context(), *args, **kwargs)
           ^^^^^^^^^^^^^^^^^^^^^^^^^^^^^^^^^^^^^^^^^
  File "/gpfs/accounts/si670f25_class_root/si670f25_class/santoshd/Kaggle_2/venv/lib/python3.11/site-packages/papermill/cli.py", line 235, in papermill
    execute_notebook(
  File "/gpfs/accounts/si670f25_class_root/si670f25_class/santoshd/Kaggle_2/venv/lib/python3.11/site-packages/papermill/execute.py", line 116, in execute_notebook
    nb = papermill_engines.execute_notebook_with_engine(
         ^^^^^^^^^^^^^^^^^^^^^^^^^^^^^^^^^^^^^^^^^^^^^^^
  File "/gpfs/accounts/si670f25_class_root/si670f25_class/santoshd/Kaggle_2/venv/lib/python3.11/site-packages/papermill/engines.py", line 48, in execute_notebook_with_engine
    return self.get_engine(engine_name).execute_notebook(nb, kernel_name, **kwargs)
           ^^^^^^^^^^^^^^^^^^^^^^^^^^^^^^^^^^^^^^^^^^^^^^^^^^^^^^^^^^^^^^^^^^^^^^^^
  File "/gpfs/accounts/si670f25_class_root/si670f25_class/santoshd/Kaggle_2/venv/lib/python3.11/site-packages/papermill/engines.py", line 370, in execute_notebook
    cls.execute_managed_notebook(nb_man, kernel_name, log_output=log_output, **kwargs)
  File "/gpfs/accounts/si670f25_class_root/si670f25_class/santoshd/Kaggle_2/venv/lib/python3.11/site-packages/papermill/engines.py", line 442, in execute_managed_notebook
    return PapermillNotebookClient(nb_man, **final_kwargs).execute()
           ^^^^^^^^^^^^^^^^^^^^^^^^^^^^^^^^^^^^^^^^^^^^^^^^^^^^^^^^^
  File "/gpfs/accounts/si670f25_class_root/si670f25_class/santoshd/Kaggle_2/venv/lib/python3.11/site-packages/papermill/clientwrap.py", line 45, in execute
    self.papermill_execute_cells()
  File "/gpfs/accounts/si670f25_class_root/si670f25_class/santoshd/Kaggle_2/venv/lib/python3.11/site-packages/papermill/clientwrap.py", line 72, in papermill_execute_cells
    self.execute_cell(cell, index)
  File "/gpfs/accounts/si670f25_class_root/si670f25_class/santoshd/Kaggle_2/venv/lib/python3.11/site-packages/jupyter_core/utils/__init__.py", line 165, in wrapped
    return loop.run_until_complete(inner)
           ^^^^^^^^^^^^^^^^^^^^^^^^^^^^^^
  File "/sw/pkgs/arc/python3.11-anaconda/2024.02-1/lib/python3.11/asyncio/base_events.py", line 653, in run_until_complete
    return future.result()
           ^^^^^^^^^^^^^^^
  File "/gpfs/accounts/si670f25_class_root/si670f25_class/santoshd/Kaggle_2/venv/lib/python3.11/site-packages/nbclient/client.py", line 1005, in async_execute_cell
    exec_reply = await self.task_poll_for_reply
                 ^^^^^^^^^^^^^^^^^^^^^^^^^^^^^^
  File "/gpfs/accounts/si670f25_class_root/si670f25_class/santoshd/Kaggle_2/venv/lib/python3.11/site-packages/nbclient/client.py", line 806, in _async_poll_for_reply
    error_on_timeout_execute_reply = await self._async_handle_timeout(timeout, cell)
                                     ^^^^^^^^^^^^^^^^^^^^^^^^^^^^^^^^^^^^^^^^^^^^^^^
  File "/gpfs/accounts/si670f25_class_root/si670f25_class/santoshd/Kaggle_2/venv/lib/python3.11/site-packages/nbclient/client.py", line 856, in _async_handle_timeout
    raise CellTimeoutError.error_from_timeout_and_cell(
nbclient.exceptions.CellTimeoutError: A cell timed out while it was being executed, after 7200 seconds.
The message was: Cell execution timed out.
Here is a preview of the cell contents:
-------------------
['from imblearn.combine import SMOTETomek', '', '# Skip SMOTETomek for very large datasets (>100k samples) - use class_weight instead', 'USE_CLASS_WEIGHT = False  # Will be set based on dataset size', '']
...
['    phase_time = time.time() - phase_start', '    print(f"  ‚ö†Ô∏è SMOTETomek failed: {e}")', '    print("  Continuing with original training data...")', '    print(f"\\n‚è±Ô∏è  SMOTETomek Time (failed): {phase_time:.2f} seconds ({phase_time/60:.2f} minutes)")', '    cleanup_memory()']
-------------------

‚úó ERROR: Papermill failed after 7357s!
Check log file: /scratch/si670f25_class_root/si670f25_class/santoshd/Kaggle_2/logs/model_xgboost_all_features_run.log
Removed /home/santoshd/.local/share/jupyter/kernels/model_xgboost-36380739
