Activating virtual environment: /gpfs/accounts/si670f25_class_root/si670f25_class/santoshd/Kaggle_2/venv
==========================================
JOB STARTUP INFORMATION
==========================================
Host:        gl1008.arc-ts.umich.edu
Date:        2025-11-19T05:27:54-05:00
SLURM_JOBID: 36332688
Working directory: /gpfs/accounts/si670f25_class_root/si670f25_class/santoshd/Kaggle_2
Python:      /gpfs/accounts/si670f25_class_root/si670f25_class/santoshd/Kaggle_2/venv/bin/python
==========================================
Verifying Python environment...
‚úì Basic packages available
‚úì Python environment verified
Installing Jupyter kernel: model6-36332688...
Installed kernelspec model6-36332688 in /home/santoshd/.local/share/jupyter/kernels/model6-36332688
‚úì Kernel installed successfully
Running pre-flight validation...
‚úì Found model-ready files
‚úì Notebook found: src/notebooks/model_lightgbm_all_features.ipynb
‚úÖ Pre-flight validation passed!
=== Cleaning Previous Runs ===
‚úì Cleanup completed
Running papermill -> /gpfs/accounts/si670f25_class_root/si670f25_class/santoshd/Kaggle_2/runs/model6_executed_20251119-052820.ipynb
Notebook: src/notebooks/model_lightgbm_all_features.ipynb
Kernel: model6-36332688
Input Notebook:  src/notebooks/model_lightgbm_all_features.ipynb
Output Notebook: /gpfs/accounts/si670f25_class_root/si670f25_class/santoshd/Kaggle_2/runs/model6_executed_20251119-052820.ipynb
Executing notebook with kernel: model6-36332688
Executing Cell 1---------------------------------------
Ending Cell 1------------------------------------------
Executing Cell 2---------------------------------------
Ending Cell 2------------------------------------------
Executing Cell 3---------------------------------------
Ending Cell 3------------------------------------------
Executing Cell 4---------------------------------------
Ending Cell 4------------------------------------------
Executing Cell 5---------------------------------------

================================================================================
MODEL_LIGHTGBM EXECUTION STARTED
Start Time: 2025-11-19 05:28:58
================================================================================


Using device: cuda

Ending Cell 5------------------------------------------
Executing Cell 6---------------------------------------
PROJECT_ROOT: /gpfs/accounts/si670f25_class_root/si670f25_class/santoshd/Kaggle_2
MODEL_READY_DIR: /gpfs/accounts/si670f25_class_root/si670f25_class/santoshd/Kaggle_2/data/model_ready

Ending Cell 6------------------------------------------
Executing Cell 7---------------------------------------
‚úÖ Using sklearn IncrementalPCA (memory-efficient)

Ending Cell 7------------------------------------------
Executing Cell 8---------------------------------------
Ending Cell 8------------------------------------------
Executing Cell 9---------------------------------------
‚úÖ Memory utilities imported from shared module
üíæ Memory: 0.62 GB (RAM) | 0.00/0.00 GB (GPU used/reserved)

Ending Cell 9------------------------------------------
Executing Cell 10--------------------------------------
‚úÖ Enhanced robustness utilities loaded
‚úÖ Training robustness wrappers loaded

Ending Cell 10-----------------------------------------
Executing Cell 11--------------------------------------
Ending Cell 11-----------------------------------------
Executing Cell 12--------------------------------------

================================================================================
PHASE 1: Data Loading
================================================================================
Loading train from /gpfs/accounts/si670f25_class_root/si670f25_class/santoshd/Kaggle_2/data/model_ready/train_model_ready.parquet

Loading val from /gpfs/accounts/si670f25_class_root/si670f25_class/santoshd/Kaggle_2/data/model_ready/val_model_ready.parquet


üìä Data Summary:
  Regular features: 54
  Embedding sent_transformer_: 384 dims
  Embedding scibert_: 768 dims
  Embedding specter2_: 768 dims
  Train samples: 960000, Positive: 65808, Negative: 894192
  Val samples: 120000, Positive: 8075, Negative: 111925

‚è±Ô∏è  Data Loading Time: 53.19 seconds (0.89 minutes)

üíæ Memory: 32.73 GB (RAM) | 0.00/0.00 GB (GPU used/reserved)

Ending Cell 12-----------------------------------------
Executing Cell 13--------------------------------------
Ending Cell 13-----------------------------------------
Executing Cell 14--------------------------------------
Ending Cell 14-----------------------------------------
Executing Cell 15--------------------------------------

================================================================================
PHASE 2: PCA Preprocessing
================================================================================


üìä Applying IncrementalPCA to embedding families...
  sent_transformer_: 384 dims ‚Üí 32 components
  scibert_: 768 dims ‚Üí 32 components
  specter2_: 768 dims ‚Üí 32 components

  Fitting PCA on subset (288000/960000 samples) for sent_transformer_

  Fitting PCA on subset (288000/960000 samples) for scibert_

  Fitting PCA on subset (288000/960000 samples) for specter2_

‚úÖ Checkpoint saved: /gpfs/accounts/si670f25_class_root/si670f25_class/santoshd/Kaggle_2/data/checkpoints/model_lightgbm_checkpoint_pca.pkl

‚úÖ Checkpoint saved: /gpfs/accounts/si670f25_class_root/si670f25_class/santoshd/Kaggle_2/data/checkpoints/model_lightgbm_checkpoint_pca.pkl

üìä After IncrementalPCA:
  Train embeddings: (960000, 96)
  Val embeddings: (120000, 96)

  Combined train: (960000, 150)
  Combined val: (120000, 150)

‚è±Ô∏è  PCA Preprocessing Time: 316.75 seconds (5.28 minutes)

üíæ Memory: 31.49 GB (RAM) | 0.00/0.00 GB (GPU used/reserved)

Ending Cell 15-----------------------------------------
Executing Cell 16--------------------------------------
Ending Cell 16-----------------------------------------
Executing Cell 17--------------------------------------
Ending Cell 17-----------------------------------------
Traceback (most recent call last):
  File "/gpfs/accounts/si670f25_class_root/si670f25_class/santoshd/Kaggle_2/venv/bin/papermill", line 7, in <module>
    sys.exit(papermill())
             ^^^^^^^^^^^
  File "/gpfs/accounts/si670f25_class_root/si670f25_class/santoshd/Kaggle_2/venv/lib/python3.11/site-packages/click/core.py", line 1485, in __call__
    return self.main(*args, **kwargs)
           ^^^^^^^^^^^^^^^^^^^^^^^^^^
  File "/gpfs/accounts/si670f25_class_root/si670f25_class/santoshd/Kaggle_2/venv/lib/python3.11/site-packages/click/core.py", line 1406, in main
    rv = self.invoke(ctx)
         ^^^^^^^^^^^^^^^^
  File "/gpfs/accounts/si670f25_class_root/si670f25_class/santoshd/Kaggle_2/venv/lib/python3.11/site-packages/click/core.py", line 1269, in invoke
    return ctx.invoke(self.callback, **ctx.params)
           ^^^^^^^^^^^^^^^^^^^^^^^^^^^^^^^^^^^^^^^
  File "/gpfs/accounts/si670f25_class_root/si670f25_class/santoshd/Kaggle_2/venv/lib/python3.11/site-packages/click/core.py", line 824, in invoke
    return callback(*args, **kwargs)
           ^^^^^^^^^^^^^^^^^^^^^^^^^
  File "/gpfs/accounts/si670f25_class_root/si670f25_class/santoshd/Kaggle_2/venv/lib/python3.11/site-packages/click/decorators.py", line 34, in new_func
    return f(get_current_context(), *args, **kwargs)
           ^^^^^^^^^^^^^^^^^^^^^^^^^^^^^^^^^^^^^^^^^
  File "/gpfs/accounts/si670f25_class_root/si670f25_class/santoshd/Kaggle_2/venv/lib/python3.11/site-packages/papermill/cli.py", line 235, in papermill
    execute_notebook(
  File "/gpfs/accounts/si670f25_class_root/si670f25_class/santoshd/Kaggle_2/venv/lib/python3.11/site-packages/papermill/execute.py", line 131, in execute_notebook
    raise_for_execution_errors(nb, output_path)
  File "/gpfs/accounts/si670f25_class_root/si670f25_class/santoshd/Kaggle_2/venv/lib/python3.11/site-packages/papermill/execute.py", line 251, in raise_for_execution_errors
    raise error
papermill.exceptions.PapermillExecutionError: 
---------------------------------------------------------------------------
Exception encountered at "In [11]":
---------------------------------------------------------------------------
ModuleNotFoundError                       Traceback (most recent call last)
Cell In[11], line 1
----> 1 from imblearn.combine import SMOTETomek
      3 # Skip SMOTETomek for very large datasets (>100k samples) - use class_weight instead
      4 USE_CLASS_WEIGHT = False  # Will be set based on dataset size

ModuleNotFoundError: No module named 'imblearn'

‚úó ERROR: Papermill failed after 440s!
Check log file: /gpfs/accounts/si670f25_class_root/si670f25_class/santoshd/Kaggle_2/logs/model6_lightgbm_all_features_run.log
Removed /home/santoshd/.local/share/jupyter/kernels/model6-36332688
